<?xml version="1.0" encoding="UTF-8"?>
<!-- Generated by org.testng.reporters.JUnitReportReporter -->
<testsuite hostname="DESKTOP-IG79IBO" failures="0" tests="1" name="com.testcase.TestCase_SeeAll" time="14.992" errors="0" timestamp="2023-07-05T11:30:10 IST" skipped="0">
  <testcase classname="com.testcase.TestCase_SeeAll" name="about" time="14.992"/>
  <system-out/>
</testsuite> <!-- com.testcase.TestCase_SeeAll -->
