<?xml version="1.0" encoding="UTF-8"?>
<!-- Generated by org.testng.reporters.JUnitReportReporter -->
<testsuite hostname="DESKTOP-IG79IBO" failures="0" tests="1" name="com.testcase.TestCase_Login" time="0.258" errors="0" timestamp="2023-07-05T11:30:10 IST" skipped="0">
  <testcase classname="com.testcase.TestCase_Login" name="login_Auth" time="0.258"/>
  <system-out/>
</testsuite> <!-- com.testcase.TestCase_Login -->
