<?xml version="1.0" encoding="UTF-8"?>
<!-- Generated by org.testng.reporters.JUnitReportReporter -->
<testsuite hostname="DESKTOP-IG79IBO" failures="0" tests="1" name="com.main.Annai_Main" time="8.790" errors="0" timestamp="2023-07-04T15:11:14 IST" skipped="0">
  <testcase classname="com.main.Annai_Main" name="browser_Launch" time="8.790"/>
  <system-out/>
</testsuite> <!-- com.main.Annai_Main -->
